<?xml version="1.0" encoding="UTF-8"?>
<Site BuildName="Win32-mingw32-make"
	BuildStamp="20230710-0419-Experimental"
	Name="LEGION"
	Generator="ctest-3.26.4"
	CompilerName="C:/msys64/mingw64/bin/g++.exe"
	CompilerVersion="12.2.0"
	OSName="Windows"
	Hostname="LEGION"
	OSRelease=" Professional"
	OSVersion=" (Build 23493)"
	OSPlatform="AMD64"
	Is64Bits="1"
	VendorString="GenuineIntel"
	VendorID="Intel Corporation"
	FamilyID="6"
	ModelID="7"
	ProcessorCacheSize="-1"
	NumberOfLogicalCPU="32"
	NumberOfPhysicalCPU="24"
	TotalVirtualMemory="37371"
	TotalPhysicalMemory="32507"
	LogicalProcessorsPerPhysical="1"
	ProcessorClockFrequency="2419"
	>
	<Testing>
		<StartDateTime>Jul 09 23:19 SA Pacific Standard Time</StartDateTime>
		<StartTestTime>1688962766</StartTestTime>
		<TestList/>
		<EndDateTime>Jul 09 23:19 SA Pacific Standard Time</EndDateTime>
		<EndTestTime>1688962766</EndTestTime>
		<ElapsedMinutes>0</ElapsedMinutes>
	</Testing>
</Site>
